{"C:\\code\\node\\kata\\babysitter\\src\\App.js": {"path":"C:\\code\\node\\kata\\babysitter\\src\\App.js","statementMap":{"0":{"start":{"line":7,"column":2},"end":{"line":11,"column":4}}},"fnMap":{"0":{"name":"App","decl":{"start":{"line":6,"column":9},"end":{"line":6,"column":12}},"loc":{"start":{"line":6,"column":15},"end":{"line":12,"column":1}},"line":6}},"branchMap":{},"s":{"0":1},"f":{"0":1},"b":{},"_coverageSchema":"43e27e138ebf9cfc5966b082cf9a028302ed4184","hash":"439fdde72a03eaf2b1e22dc602eb75aff5d9e1b7"}
,"C:\\code\\node\\kata\\babysitter\\src\\index.js": {"path":"C:\\code\\node\\kata\\babysitter\\src\\index.js","statementMap":{"0":{"start":{"line":6,"column":0},"end":{"line":6,"column":58}}},"fnMap":{},"branchMap":{},"s":{"0":1},"f":{},"b":{},"_coverageSchema":"43e27e138ebf9cfc5966b082cf9a028302ed4184","hash":"1c88eb0656bd7a582f0b502339ca2ad81a32251c"}
,"C:\\code\\node\\kata\\babysitter\\src\\components\\DatePicker\\index.js": {"path":"C:\\code\\node\\kata\\babysitter\\src\\components\\DatePicker\\index.js","statementMap":{"0":{"start":{"line":6,"column":26},"end":{"line":15,"column":29}},"1":{"start":{"line":7,"column":2},"end":{"line":15,"column":28}}},"fnMap":{"0":{"name":"(anonymous_0)","decl":{"start":{"line":6,"column":26},"end":{"line":6,"column":27}},"loc":{"start":{"line":7,"column":2},"end":{"line":15,"column":28}},"line":7},"1":{"name":"(anonymous_1)","decl":{"start":{"line":6,"column":51},"end":{"line":6,"column":52}},"loc":{"start":{"line":6,"column":57},"end":{"line":6,"column":59}},"line":6},"2":{"name":"(anonymous_2)","decl":{"start":{"line":6,"column":72},"end":{"line":6,"column":73}},"loc":{"start":{"line":6,"column":78},"end":{"line":6,"column":80}},"line":6}},"branchMap":{"0":{"loc":{"start":{"line":6,"column":34},"end":{"line":6,"column":59}},"type":"default-arg","locations":[{"start":{"line":6,"column":51},"end":{"line":6,"column":59}}],"line":6},"1":{"loc":{"start":{"line":6,"column":61},"end":{"line":6,"column":80}},"type":"default-arg","locations":[{"start":{"line":6,"column":72},"end":{"line":6,"column":80}}],"line":6}},"s":{"0":4,"1":15},"f":{"0":15,"1":1,"2":1},"b":{"0":[1],"1":[14]},"_coverageSchema":"43e27e138ebf9cfc5966b082cf9a028302ed4184","hash":"fc5810bbab1e0456390030f58c881055ae1c48a4"}
,"C:\\code\\node\\kata\\babysitter\\src\\controllers\\Babysitter\\index.js": {"path":"C:\\code\\node\\kata\\babysitter\\src\\controllers\\Babysitter\\index.js","statementMap":{"0":{"start":{"line":15,"column":36},"end":{"line":38,"column":1}},"1":{"start":{"line":16,"column":19},"end":{"line":16,"column":32}},"2":{"start":{"line":17,"column":20},"end":{"line":17,"column":48}},"3":{"start":{"line":18,"column":18},"end":{"line":18,"column":44}},"4":{"start":{"line":19,"column":18},"end":{"line":19,"column":44}},"5":{"start":{"line":20,"column":21},"end":{"line":20,"column":50}},"6":{"start":{"line":22,"column":2},"end":{"line":37,"column":4}},"7":{"start":{"line":25,"column":63},"end":{"line":25,"column":94}},"8":{"start":{"line":28,"column":61},"end":{"line":28,"column":94}},"9":{"start":{"line":31,"column":61},"end":{"line":31,"column":90}}},"fnMap":{"0":{"name":"(anonymous_0)","decl":{"start":{"line":15,"column":36},"end":{"line":15,"column":37}},"loc":{"start":{"line":15,"column":42},"end":{"line":38,"column":1}},"line":15},"1":{"name":"(anonymous_1)","decl":{"start":{"line":25,"column":53},"end":{"line":25,"column":54}},"loc":{"start":{"line":25,"column":63},"end":{"line":25,"column":94}},"line":25},"2":{"name":"(anonymous_2)","decl":{"start":{"line":28,"column":51},"end":{"line":28,"column":52}},"loc":{"start":{"line":28,"column":61},"end":{"line":28,"column":94}},"line":28},"3":{"name":"(anonymous_3)","decl":{"start":{"line":31,"column":51},"end":{"line":31,"column":52}},"loc":{"start":{"line":31,"column":61},"end":{"line":31,"column":90}},"line":31}},"branchMap":{},"s":{"0":3,"1":4,"2":4,"3":4,"4":4,"5":4,"6":4,"7":0,"8":0,"9":0},"f":{"0":4,"1":0,"2":0,"3":0},"b":{},"_coverageSchema":"43e27e138ebf9cfc5966b082cf9a028302ed4184","hash":"5e330b8403609b8916ee939d4901c9b01f92c1f3"}
,"C:\\code\\node\\kata\\babysitter\\src\\store\\index.js": {"path":"C:\\code\\node\\kata\\babysitter\\src\\store\\index.js","statementMap":{"0":{"start":{"line":4,"column":21},"end":{"line":4,"column":45}}},"fnMap":{},"branchMap":{},"s":{"0":4},"f":{},"b":{},"_coverageSchema":"43e27e138ebf9cfc5966b082cf9a028302ed4184","hash":"d14a68e43e27e38812d05c9af60f2dcec62fad80"}
,"C:\\code\\node\\kata\\babysitter\\src\\store\\reducers\\calculateWage.js": {"path":"C:\\code\\node\\kata\\babysitter\\src\\store\\reducers\\calculateWage.js","statementMap":{"0":{"start":{"line":4,"column":35},"end":{"line":32,"column":1}},"1":{"start":{"line":5,"column":23},"end":{"line":5,"column":64}},"2":{"start":{"line":6,"column":21},"end":{"line":6,"column":61}},"3":{"start":{"line":7,"column":19},"end":{"line":7,"column":60}},"4":{"start":{"line":8,"column":16},"end":{"line":26,"column":3}},"5":{"start":{"line":27,"column":2},"end":{"line":27,"column":81}},"6":{"start":{"line":27,"column":58},"end":{"line":27,"column":81}},"7":{"start":{"line":29,"column":21},"end":{"line":29,"column":103}},"8":{"start":{"line":29,"column":49},"end":{"line":29,"column":99}},"9":{"start":{"line":31,"column":2},"end":{"line":31,"column":40}},"10":{"start":{"line":34,"column":19},"end":{"line":50,"column":1}},"11":{"start":{"line":35,"column":22},"end":{"line":35,"column":55}},"12":{"start":{"line":36,"column":20},"end":{"line":36,"column":51}},"13":{"start":{"line":38,"column":16},"end":{"line":38,"column":17}},"14":{"start":{"line":39,"column":2},"end":{"line":47,"column":3}},"15":{"start":{"line":40,"column":4},"end":{"line":40,"column":54}},"16":{"start":{"line":41,"column":9},"end":{"line":47,"column":3}},"17":{"start":{"line":42,"column":4},"end":{"line":42,"column":55}},"18":{"start":{"line":43,"column":9},"end":{"line":47,"column":3}},"19":{"start":{"line":44,"column":4},"end":{"line":44,"column":55}},"20":{"start":{"line":45,"column":9},"end":{"line":47,"column":3}},"21":{"start":{"line":46,"column":4},"end":{"line":46,"column":56}},"22":{"start":{"line":49,"column":2},"end":{"line":49,"column":77}}},"fnMap":{"0":{"name":"(anonymous_0)","decl":{"start":{"line":4,"column":35},"end":{"line":4,"column":36}},"loc":{"start":{"line":4,"column":86},"end":{"line":32,"column":1}},"line":4},"1":{"name":"(anonymous_1)","decl":{"start":{"line":29,"column":34},"end":{"line":29,"column":35}},"loc":{"start":{"line":29,"column":49},"end":{"line":29,"column":99}},"line":29},"2":{"name":"(anonymous_2)","decl":{"start":{"line":34,"column":19},"end":{"line":34,"column":20}},"loc":{"start":{"line":34,"column":49},"end":{"line":50,"column":1}},"line":34}},"branchMap":{"0":{"loc":{"start":{"line":27,"column":2},"end":{"line":27,"column":81}},"type":"if","locations":[{"start":{"line":27,"column":2},"end":{"line":27,"column":81}},{"start":{"line":27,"column":2},"end":{"line":27,"column":81}}],"line":27},"1":{"loc":{"start":{"line":27,"column":6},"end":{"line":27,"column":56}},"type":"binary-expr","locations":[{"start":{"line":27,"column":6},"end":{"line":27,"column":20}},{"start":{"line":27,"column":24},"end":{"line":27,"column":40}},{"start":{"line":27,"column":44},"end":{"line":27,"column":56}}],"line":27},"2":{"loc":{"start":{"line":39,"column":2},"end":{"line":47,"column":3}},"type":"if","locations":[{"start":{"line":39,"column":2},"end":{"line":47,"column":3}},{"start":{"line":39,"column":2},"end":{"line":47,"column":3}}],"line":39},"3":{"loc":{"start":{"line":39,"column":6},"end":{"line":39,"column":30}},"type":"binary-expr","locations":[{"start":{"line":39,"column":6},"end":{"line":39,"column":17}},{"start":{"line":39,"column":21},"end":{"line":39,"column":30}}],"line":39},"4":{"loc":{"start":{"line":41,"column":9},"end":{"line":47,"column":3}},"type":"if","locations":[{"start":{"line":41,"column":9},"end":{"line":47,"column":3}},{"start":{"line":41,"column":9},"end":{"line":47,"column":3}}],"line":41},"5":{"loc":{"start":{"line":43,"column":9},"end":{"line":47,"column":3}},"type":"if","locations":[{"start":{"line":43,"column":9},"end":{"line":47,"column":3}},{"start":{"line":43,"column":9},"end":{"line":47,"column":3}}],"line":43},"6":{"loc":{"start":{"line":45,"column":9},"end":{"line":47,"column":3}},"type":"if","locations":[{"start":{"line":45,"column":9},"end":{"line":47,"column":3}},{"start":{"line":45,"column":9},"end":{"line":47,"column":3}}],"line":45},"7":{"loc":{"start":{"line":45,"column":13},"end":{"line":45,"column":74}},"type":"binary-expr","locations":[{"start":{"line":45,"column":13},"end":{"line":45,"column":43}},{"start":{"line":45,"column":47},"end":{"line":45,"column":74}}],"line":45},"8":{"loc":{"start":{"line":49,"column":10},"end":{"line":49,"column":63}},"type":"cond-expr","locations":[{"start":{"line":49,"column":25},"end":{"line":49,"column":48}},{"start":{"line":49,"column":51},"end":{"line":49,"column":63}}],"line":49}},"s":{"0":6,"1":15,"2":15,"3":15,"4":15,"5":15,"6":8,"7":7,"8":21,"9":7,"10":6,"11":21,"12":21,"13":21,"14":21,"15":1,"16":20,"17":2,"18":18,"19":7,"20":11,"21":5,"22":21},"f":{"0":15,"1":21,"2":21},"b":{"0":[8,7],"1":[15,9,8],"2":[1,20],"3":[21,3],"4":[2,18],"5":[7,11],"6":[5,6],"7":[11,11],"8":[14,7]},"_coverageSchema":"43e27e138ebf9cfc5966b082cf9a028302ed4184","hash":"2134c33f9eb2a22753501a99efeed9e029bb93ef"}
,"C:\\code\\node\\kata\\babysitter\\src\\store\\reducers\\index.js": {"path":"C:\\code\\node\\kata\\babysitter\\src\\store\\reducers\\index.js","statementMap":{"0":{"start":{"line":5,"column":33},"end":{"line":5,"column":52}},"1":{"start":{"line":6,"column":35},"end":{"line":6,"column":56}},"2":{"start":{"line":7,"column":31},"end":{"line":7,"column":48}},"3":{"start":{"line":9,"column":22},"end":{"line":9,"column":62}},"4":{"start":{"line":10,"column":24},"end":{"line":10,"column":64}},"5":{"start":{"line":11,"column":20},"end":{"line":11,"column":61}},"6":{"start":{"line":13,"column":21},"end":{"line":18,"column":1}},"7":{"start":{"line":20,"column":27},"end":{"line":39,"column":1}},"8":{"start":{"line":21,"column":2},"end":{"line":38,"column":3}},"9":{"start":{"line":23,"column":6},"end":{"line":26,"column":8}},"10":{"start":{"line":28,"column":6},"end":{"line":31,"column":8}},"11":{"start":{"line":33,"column":6},"end":{"line":36,"column":8}},"12":{"start":{"line":37,"column":13},"end":{"line":37,"column":26}},"13":{"start":{"line":42,"column":31},"end":{"line":42,"column":94}},"14":{"start":{"line":42,"column":47},"end":{"line":42,"column":93}},"15":{"start":{"line":44,"column":33},"end":{"line":44,"column":94}},"16":{"start":{"line":44,"column":47},"end":{"line":44,"column":93}},"17":{"start":{"line":46,"column":29},"end":{"line":46,"column":86}},"18":{"start":{"line":46,"column":43},"end":{"line":46,"column":85}},"19":{"start":{"line":49,"column":31},"end":{"line":49,"column":75}},"20":{"start":{"line":49,"column":42},"end":{"line":49,"column":75}},"21":{"start":{"line":50,"column":29},"end":{"line":50,"column":75}},"22":{"start":{"line":50,"column":40},"end":{"line":50,"column":75}},"23":{"start":{"line":51,"column":29},"end":{"line":51,"column":71}},"24":{"start":{"line":51,"column":40},"end":{"line":51,"column":71}},"25":{"start":{"line":52,"column":32},"end":{"line":52,"column":69}},"26":{"start":{"line":52,"column":43},"end":{"line":52,"column":69}}},"fnMap":{"0":{"name":"(anonymous_0)","decl":{"start":{"line":20,"column":27},"end":{"line":20,"column":28}},"loc":{"start":{"line":20,"column":61},"end":{"line":39,"column":1}},"line":20},"1":{"name":"(anonymous_1)","decl":{"start":{"line":42,"column":31},"end":{"line":42,"column":32}},"loc":{"start":{"line":42,"column":47},"end":{"line":42,"column":93}},"line":42},"2":{"name":"(anonymous_2)","decl":{"start":{"line":44,"column":33},"end":{"line":44,"column":34}},"loc":{"start":{"line":44,"column":47},"end":{"line":44,"column":93}},"line":44},"3":{"name":"(anonymous_3)","decl":{"start":{"line":46,"column":29},"end":{"line":46,"column":30}},"loc":{"start":{"line":46,"column":43},"end":{"line":46,"column":85}},"line":46},"4":{"name":"(anonymous_4)","decl":{"start":{"line":49,"column":31},"end":{"line":49,"column":32}},"loc":{"start":{"line":49,"column":42},"end":{"line":49,"column":75}},"line":49},"5":{"name":"(anonymous_5)","decl":{"start":{"line":50,"column":29},"end":{"line":50,"column":30}},"loc":{"start":{"line":50,"column":40},"end":{"line":50,"column":75}},"line":50},"6":{"name":"(anonymous_6)","decl":{"start":{"line":51,"column":29},"end":{"line":51,"column":30}},"loc":{"start":{"line":51,"column":40},"end":{"line":51,"column":71}},"line":51},"7":{"name":"(anonymous_7)","decl":{"start":{"line":52,"column":32},"end":{"line":52,"column":33}},"loc":{"start":{"line":52,"column":43},"end":{"line":52,"column":69}},"line":52}},"branchMap":{"0":{"loc":{"start":{"line":20,"column":28},"end":{"line":20,"column":48}},"type":"default-arg","locations":[{"start":{"line":20,"column":36},"end":{"line":20,"column":48}}],"line":20},"1":{"loc":{"start":{"line":21,"column":2},"end":{"line":38,"column":3}},"type":"switch","locations":[{"start":{"line":22,"column":4},"end":{"line":26,"column":8}},{"start":{"line":27,"column":4},"end":{"line":31,"column":8}},{"start":{"line":32,"column":4},"end":{"line":36,"column":8}},{"start":{"line":37,"column":4},"end":{"line":37,"column":26}}],"line":21}},"s":{"0":5,"1":5,"2":5,"3":5,"4":5,"5":5,"6":5,"7":5,"8":8,"9":1,"10":1,"11":1,"12":5,"13":5,"14":2,"15":5,"16":2,"17":5,"18":2,"19":5,"20":5,"21":5,"22":5,"23":5,"24":5,"25":5,"26":4},"f":{"0":8,"1":2,"2":2,"3":2,"4":5,"5":5,"6":5,"7":4},"b":{"0":[4],"1":[1,1,1,5]},"_coverageSchema":"43e27e138ebf9cfc5966b082cf9a028302ed4184","hash":"dda69ce30028844d6358e5641bd9110cedd88a29"}
}
