TN:
SF:C:\code\node\kata\babysitter\src\App.js
FN:6,App
FNF:1
FNH:1
FNDA:1,App
DA:7,1
LF:1
LH:1
BRF:0
BRH:0
end_of_record
TN:
SF:C:\code\node\kata\babysitter\src\index.js
FNF:0
FNH:0
DA:6,1
LF:1
LH:1
BRF:0
BRH:0
end_of_record
TN:
SF:C:\code\node\kata\babysitter\src\components\DatePicker\index.js
FN:6,(anonymous_0)
FN:6,(anonymous_1)
FN:6,(anonymous_2)
FNF:3
FNH:3
FNDA:15,(anonymous_0)
FNDA:1,(anonymous_1)
FNDA:1,(anonymous_2)
DA:6,4
DA:7,15
LF:2
LH:2
BRDA:6,0,0,1
BRDA:6,1,0,14
BRF:2
BRH:2
end_of_record
TN:
SF:C:\code\node\kata\babysitter\src\controllers\Babysitter\index.js
FN:15,(anonymous_0)
FN:25,(anonymous_1)
FN:28,(anonymous_2)
FN:31,(anonymous_3)
FNF:4
FNH:1
FNDA:4,(anonymous_0)
FNDA:0,(anonymous_1)
FNDA:0,(anonymous_2)
FNDA:0,(anonymous_3)
DA:15,3
DA:16,4
DA:17,4
DA:18,4
DA:19,4
DA:20,4
DA:22,4
DA:25,0
DA:28,0
DA:31,0
LF:10
LH:7
BRF:0
BRH:0
end_of_record
TN:
SF:C:\code\node\kata\babysitter\src\store\index.js
FNF:0
FNH:0
DA:4,4
LF:1
LH:1
BRF:0
BRH:0
end_of_record
TN:
SF:C:\code\node\kata\babysitter\src\store\reducers\calculateWage.js
FN:4,(anonymous_0)
FN:29,(anonymous_1)
FN:34,(anonymous_2)
FNF:3
FNH:3
FNDA:15,(anonymous_0)
FNDA:21,(anonymous_1)
FNDA:21,(anonymous_2)
DA:4,6
DA:5,15
DA:6,15
DA:7,15
DA:8,15
DA:27,15
DA:29,21
DA:31,7
DA:34,6
DA:35,21
DA:36,21
DA:38,21
DA:39,21
DA:40,1
DA:41,20
DA:42,2
DA:43,18
DA:44,7
DA:45,11
DA:46,5
DA:49,21
LF:21
LH:21
BRDA:27,0,0,8
BRDA:27,0,1,7
BRDA:27,1,0,15
BRDA:27,1,1,9
BRDA:27,1,2,8
BRDA:39,2,0,1
BRDA:39,2,1,20
BRDA:39,3,0,21
BRDA:39,3,1,3
BRDA:41,4,0,2
BRDA:41,4,1,18
BRDA:43,5,0,7
BRDA:43,5,1,11
BRDA:45,6,0,5
BRDA:45,6,1,6
BRDA:45,7,0,11
BRDA:45,7,1,11
BRDA:49,8,0,14
BRDA:49,8,1,7
BRF:19
BRH:19
end_of_record
TN:
SF:C:\code\node\kata\babysitter\src\store\reducers\index.js
FN:20,(anonymous_0)
FN:42,(anonymous_1)
FN:44,(anonymous_2)
FN:46,(anonymous_3)
FN:49,(anonymous_4)
FN:50,(anonymous_5)
FN:51,(anonymous_6)
FN:52,(anonymous_7)
FNF:8
FNH:8
FNDA:8,(anonymous_0)
FNDA:2,(anonymous_1)
FNDA:2,(anonymous_2)
FNDA:2,(anonymous_3)
FNDA:5,(anonymous_4)
FNDA:5,(anonymous_5)
FNDA:5,(anonymous_6)
FNDA:4,(anonymous_7)
DA:5,5
DA:6,5
DA:7,5
DA:9,5
DA:10,5
DA:11,5
DA:13,5
DA:20,5
DA:21,8
DA:23,1
DA:28,1
DA:33,1
DA:37,5
DA:42,5
DA:44,5
DA:46,5
DA:49,5
DA:50,5
DA:51,5
DA:52,5
LF:20
LH:20
BRDA:20,0,0,4
BRDA:21,1,0,1
BRDA:21,1,1,1
BRDA:21,1,2,1
BRDA:21,1,3,5
BRF:5
BRH:5
end_of_record
